<?xml version="1.0" encoding="UTF-8"?>
<!-- Generated by org.testng.reporters.JUnitReportReporter -->
<testsuite hostname="DESKTOP-8DPVRQ3" failures="0" tests="1" name="TestA" time="0.010" errors="0" timestamp="2021-06-18T10:27:55 IST" skipped="0">
  <testcase classname="TestA" name="verifyHelloWorld" time="0.010"/>
  <system-out/>
</testsuite> <!-- TestA -->
