<?xml version="1.0" encoding="UTF-8"?>
<!-- Generated by org.testng.reporters.JUnitReportReporter -->
<testsuite hostname="DESKTOP-8DPVRQ3" failures="0" tests="1" name="com.apache.maven.Main" time="0.007" errors="0" timestamp="2021-06-18T10:21:43 IST" skipped="0">
  <testcase classname="com.apache.maven.Main" name="verifyHelloWorld" time="0.007"/>
  <system-out/>
</testsuite> <!-- com.apache.maven.Main -->
