<?xml version="1.0" encoding="UTF-8"?>
<!-- Generated by org.testng.reporters.JUnitReportReporter -->
<testsuite hostname="DESKTOP-8DPVRQ3" failures="0" tests="1" name="com.apache.maven.TestA" time="0.010" errors="0" timestamp="2021-06-18T12:09:40 IST" skipped="0">
  <testcase classname="com.apache.maven.TestA" name="verifyHelloWorld" time="0.010"/>
  <system-out/>
</testsuite> <!-- com.apache.maven.TestA -->
