<?xml version="1.0" encoding="UTF-8"?>
<!-- Generated by org.testng.reporters.JUnitReportReporter -->
<testsuite hostname="DESKTOP-8DPVRQ3" failures="0" tests="2" name="com.apache.maven.TestA" time="0.004" errors="0" timestamp="2021-06-18T13:20:03 IST" skipped="0">
  <testcase classname="com.apache.maven.TestA" name="verifyHelloWorld" time="0.000"/>
  <system-out/>
  <testcase classname="com.apache.maven.TestA" name="method2" time="0.004"/>
  <system-out/>
</testsuite> <!-- com.apache.maven.TestA -->
